<?xml version="1.0" encoding="UTF-8"?>
<!-- Generated by org.testng.reporters.JUnitReportReporter -->
<testsuite hostname="DESKTOP-VC0GST6" failures="0" tests="2" name="APITesting.UserData" time="1.203" errors="0" timestamp="2021-01-19T17:56:32 GMT" skipped="0">
  <testcase classname="APITesting.UserData" name="getUser" time="0.096"/>
  <system-out/>
  <testcase classname="APITesting.UserData" name="addUser" time="1.107"/>
  <system-out/>
</testsuite> <!-- APITesting.UserData -->
